#
# A fatal error has been detected by the Java Runtime Environment:
#
#  SIGSEGV (0xb) at pc=0x000000010cf437e2, pid=11690, tid=23299
#
# JRE version: Java(TM) SE Runtime Environment (12.0.2+10) (build 12.0.2+10)
# Java VM: Java HotSpot(TM) 64-Bit Server VM (12.0.2+10, mixed mode, sharing, tiered, compressed oops, g1 gc, bsd-amd64)
# Problematic frame:
# C  [libjimage.dylib+0x17e2]  ImageStrings::find(Endian*, char const*, int*, unsigned int)+0x56
#
# No core dump will be written. Core dumps have been disabled. To enable core dumping, try "ulimit -c unlimited" before starting Java again
#
# If you would like to submit a bug report, please visit:
#   http://bugreport.java.com/bugreport/crash.jsp
#

---------------  S U M M A R Y ------------

Command Line: -agentlib:jdwp=transport=dt_socket,suspend=y,address=localhost:61863 -javaagent:/Users/andrefilipeferreira/eclipse/java-2021-06/Eclipse.app/Contents/Eclipse/configuration/org.eclipse.osgi/213/0/.cp/lib/javaagent-shaded.jar -Dfile.encoding=UTF-8 com.spring.andre.demo.DemoApplication

Host: MacBookAir10,1 x86_64 2400 MHz, 8 cores, 8G, Darwin 21.4.0
Time: Wed May 25 21:32:22 2022 WEST elapsed time: 149 seconds (0d 0h 2m 29s)

---------------  T H R E A D  ---------------

Current thread (0x00007f8c9f832000):  JavaThread "Signal Dispatcher" daemon [_thread_in_vm, id=23299, stack(0x000000030db1b000,0x000000030dc1b000)]

Stack: [0x000000030db1b000,0x000000030dc1b000],  sp=0x000000030dc19340,  free space=1016k
Native frames: (J=compiled Java code, A=aot compiled Java code, j=interpreted, Vv=VM code, C=native code)
C  [libjimage.dylib+0x17e2]  ImageStrings::find(Endian*, char const*, int*, unsigned int)+0x56
C  [libjimage.dylib+0x2445]  ImageFileReader::find_location_index(char const*, unsigned long long*) const+0x3f
C  [libjimage.dylib+0x2786]  JIMAGE_FindResource+0xcf
V  [libjvm.dylib+0x1e6467]